////////////////////////////////////////////////////////////////////////////////
///////////////////InstallShield Media Library Report Summary///////////////////
////////////////////////////////////////////////////////////////////////////////

Media Name      : File
Report Filename : M:\dlls\gm0\Hirst Gaussmeter Drivers\Media\File\Report Files\11-28-2002 4.08.36PM.rpt
Date            : 11/28/2002
Time            : 4:08PM

Number of Components:                4 
Number of File Groups:               4 
Number of Files:                    10 
Total Size of Files:           433,754 (bytes)

==========
COMPONENTS
==========


     Program Files
     Example Files
     Help Files
     Shared DLLs


////////////////////////////////////////////////////////////////////////////////
/////////////////////////////////Report Details/////////////////////////////////
////////////////////////////////////////////////////////////////////////////////


================================================================================
                           COMPONENT: "Example Files"
================================================================================

SUMMARY:
    Total Files:                4 (files for this component only)
    Source Bytes:          92,250 (files for this component only)


                     **** File Group: "Example Files" ****


<Directory>: M:\dlls\gm0

    Filename                    Date        Time      Size         Version      
    --------------------------  ----------  --------  -----------  -------------
    GMExample.xls               11/28/2002  15:18:18       68,608               
    --------------------------  ----------  --------  -----------  -------------
    Count=1                                                68,608               


<Directory>: M:\dlls\gm0\gm0\dlltest

    Filename                    Date        Time      Size         Version      
    --------------------------  ----------  --------  -----------  -------------
    dlltest.cpp                 11/28/2002  15:31:46        8,242               
    --------------------------  ----------  --------  -----------  -------------
    Count=1                                                 8,242               


<Directory>: M:\dlls\gm0\gm0

    Filename                    Date        Time      Size         Version      
    --------------------------  ----------  --------  -----------  -------------
    gm0.h                       11/27/2002  08:44:36        3,698               
    --------------------------  ----------  --------  -----------  -------------
    Count=1                                                 3,698               


<Directory>: M:\dlls\gm0\gm0\Release

    Filename                    Date        Time      Size         Version      
    --------------------------  ----------  --------  -----------  -------------
    gm0.lib                     11/28/2002  15:31:50       11,702               
    --------------------------  ----------  --------  -----------  -------------
    Count=1                                                11,702               


================================================================================
                            COMPONENT: "Help Files"
================================================================================

SUMMARY:
    Total Files:                3 (files for this component only)
    Source Bytes:         241,242 (files for this component only)


                       **** File Group: "Help Files" ****


<Directory>: M:\dlls\gm0

    Filename                    Date        Time      Size         Version      
    --------------------------  ----------  --------  -----------  -------------
    GM0DLLAPI.doc               11/28/2002  12:46:34       34,816               
    GM0ControlAPI.doc           11/28/2002  13:24:58       28,160               
    Serial protocol.doc         11/28/2002  16:08:24       86,016               
    --------------------------  ----------  --------  -----------  -------------
    Count=3                                               148,992               


================================================================================
                            COMPONENT: "Shared DLLs"
================================================================================

SUMMARY:
    Total Files:                3 (files for this component only)
    Source Bytes:         433,754 (files for this component only)


                      **** File Group: "Program DLLs" ****


<Directory>: M:\dlls\gm0\gm0\Release

    Filename                    Date        Time      Size         Version      
    --------------------------  ----------  --------  -----------  -------------
    gm0.dll                     11/28/2002  15:31:50       32,768  1.0.0.0      
    --------------------------  ----------  --------  -----------  -------------
    Count=1                                                32,768               


                      **** File Group: "Shared DLLs" ****


<Directory>: M:\dlls\gm0\gm0\HMI_timer\Release

    Filename                    Date        Time      Size         Version      
    --------------------------  ----------  --------  -----------  -------------
    HMI_timer.dll               11/28/2002  13:59:30       69,632  1.0.0.1      
    --------------------------  ----------  --------  -----------  -------------
    Count=1                                                69,632               


<Directory>: M:\dlls\gm0\gm0\GMControl\Release

    Filename                    Date        Time      Size         Version      
    --------------------------  ----------  --------  -----------  -------------
    GMControl.dll               11/28/2002  13:59:56       90,112  1.0.0.1      
    --------------------------  ----------  --------  -----------  -------------
    Count=1                                                90,112               
