////////////////////////////////////////////////////////////////////////////////
///////////////////InstallShield Media Library Report Summary///////////////////
////////////////////////////////////////////////////////////////////////////////

Media Name      : File
Report Filename : M:\dlls\gm0\Hirst Gaussmeter Drivers\Media\File\Report Files\8-22-2003 9.10.27AM.rpt
Date            : 08/22/2003
Time            : 9:10AM

Number of Components:                4 
Number of File Groups:               5 
Number of Files:                    46 
Total Size of Files:         2,203,061 (bytes)

==========
COMPONENTS
==========


     Program Files
     Example Files
     Help Files
     Shared DLLs


////////////////////////////////////////////////////////////////////////////////
/////////////////////////////////Report Details/////////////////////////////////
////////////////////////////////////////////////////////////////////////////////


================================================================================
                           COMPONENT: "Example Files"
================================================================================

SUMMARY:
    Total Files:               41 (files for this component only)
    Source Bytes:         664,177 (files for this component only)


                     **** File Group: "Example Files" ****


<Directory>: M:\dlls\gm0\VBGM0

    Filename                    Date        Time      Size         Version      
    --------------------------  ----------  --------  -----------  -------------
    Project1.vbp                08/22/2003  08:53:58          935               
    Form1.frm                   08/22/2003  08:53:46       10,649               
    --------------------------  ----------  --------  -----------  -------------
    Count=2                                                11,584               


<Directory>: M:\dlls\gm0\VSCGM0

    Filename                    Date        Time      Size         Version      
    --------------------------  ----------  --------  -----------  -------------
    StdAfx.h                    03/25/2002  15:02:46        1,106               
    Example.dsp                 08/07/2003  16:32:38        4,516               
    Example.dsw                 08/07/2003  16:26:08          547               
    gm0.h                       08/07/2003  16:15:06        3,720               
    gm0.lib                     03/24/2003  16:34:34       11,702               
    dlltest.cpp                 08/07/2003  16:17:52        8,267               
    --------------------------  ----------  --------  -----------  -------------
    Count=6                                                29,858               


<Directory>: M:\dlls\gm0\GM05Disk

    Filename                    Date        Time      Size         Version      
    --------------------------  ----------  --------  -----------  -------------
    GM05.DOC                    11/25/1992  11:34:22          687               
    CONTENTS.DOC                09/15/1999  11:34:06        2,905               
    HARDWARE.DOC                11/25/1992  13:31:22        1,429               
    --------------------------  ----------  --------  -----------  -------------
    Count=3                                                 5,021               


<Directory>: M:\dlls\gm0\GM05Disk\GMCMD

    Filename                    Date        Time      Size         Version      
    --------------------------  ----------  --------  -----------  -------------
    MENU.CFG                    07/30/1993  11:06:18            7               
    Gmcmd.cpp                   09/15/1999  10:52:14       10,187               
    GMCMD.DSW                   09/15/1999  10:52:30        1,434               
    GMCMD.EXE                   09/15/1999  10:52:20       80,276               
    GMCMD.H                     11/11/1992  08:40:22          116               
    gmcmd.ide                   09/15/1999  10:52:30       27,600               
    GMCMD.BAK                   09/15/1999  10:51:56       10,187               
    USERSER.DOC                 11/24/1992  09:15:20       28,998               
    --------------------------  ----------  --------  -----------  -------------
    Count=8                                               158,805               


<Directory>: M:\dlls\gm0\GM05Disk\GMTIME

    Filename                    Date        Time      Size         Version      
    --------------------------  ----------  --------  -----------  -------------
    gmtime.ide                  09/15/1999  10:53:26       27,164               
    Gmtime.cpp                  09/15/1999  10:48:36        6,860               
    GMTIME.DSW                  09/15/1999  10:53:26          258               
    GMTIME.EXE                  09/15/1999  10:53:20       77,541               
    GM05.LOG                    01/09/1998  14:53:16       10,488               
    --------------------------  ----------  --------  -----------  -------------
    Count=5                                               122,311               


<Directory>: M:\dlls\gm0\GM05Disk\GMLOAD

    Filename                    Date        Time      Size         Version      
    --------------------------  ----------  --------  -----------  -------------
    REGISTER.DAT                09/15/1999  10:56:08            0               
    GMLOAD.BAK                  09/15/1999  10:48:14        5,889               
    Gmload.cpp                  09/15/1999  10:52:58        5,889               
    GMLOAD.DSW                  09/15/1999  10:53:12          505               
    GMLOAD.EXE                  09/15/1999  10:53:06       77,876               
    gmload.ide                  09/15/1999  10:53:12       27,076               
    GM05.LOG                    01/26/1998  09:38:16        7,756               
    --------------------------  ----------  --------  -----------  -------------
    Count=7                                               124,991               


<Directory>: M:\dlls\gm0\GM05Disk\GMVIS

    Filename                    Date        Time      Size         Version      
    --------------------------  ----------  --------  -----------  -------------
    gmvis.ide                   09/15/1999  10:58:02       26,584               
    Gmvis.cpp                   09/15/1999  10:48:58        2,308               
    GMVIS.DSW                   09/15/1999  10:58:00          258               
    GMVIS.EXE                   09/15/1999  10:57:44       93,040               
    GMVIS.~DE                   09/15/1999  10:53:38       26,584               
    --------------------------  ----------  --------  -----------  -------------
    Count=5                                               148,774               


<Directory>: M:\dlls\gm0\GM05Disk\SERLIB

    Filename                    Date        Time      Size         Version      
    --------------------------  ----------  --------  -----------  -------------
    USERSER.DOC                 11/25/1992  13:25:38       29,079               
    Gmcomms.cpp                 09/15/1999  10:51:14       13,906               
    GMCOMMS.H                   11/24/1992  09:16:12        3,201               
    SERLIB.DOC                  11/24/1992  09:53:00        2,751               
    GMCOMMS.BAK                 01/01/2000  12:25:56       13,896               
    --------------------------  ----------  --------  -----------  -------------
    Count=5                                                62,833               


================================================================================
                            COMPONENT: "Help Files"
================================================================================

SUMMARY:
    Total Files:                3 (files for this component only)
    Source Bytes:         781,749 (files for this component only)


                       **** File Group: "Help Files" ****


<Directory>: M:\dlls\gm0

    Filename                    Date        Time      Size         Version      
    --------------------------  ----------  --------  -----------  -------------
    GM0ControlAPI.rtf           11/29/2002  13:58:30       10,759               
    GM0DLLAPI.rtf               11/29/2002  13:58:16       31,863               
    Serial protocol.rtf         11/29/2002  13:59:26       74,950               
    --------------------------  ----------  --------  -----------  -------------
    Count=3                                               117,572               


================================================================================
                            COMPONENT: "Shared DLLs"
================================================================================

SUMMARY:
    Total Files:                2 (files for this component only)
    Source Bytes:       2,203,061 (files for this component only)


                      **** File Group: "Program DLLs" ****


<Directory>: M:\dlls\gm0\gm0\Release

    Filename                    Date        Time      Size         Version      
    --------------------------  ----------  --------  -----------  -------------
    gm0.dll                     03/24/2003  16:34:32       32,768  1.1.0.0      
    --------------------------  ----------  --------  -----------  -------------
    Count=1                                                32,768               


                      **** File Group: "Shared DLLs" ****


<Directory>: C:\WINNT\system32

    Filename                    Date        Time      Size         Version      
    --------------------------  ----------  --------  -----------  -------------
    msvbvm60.dll                08/23/2001  05:00:00    1,388,544  6.0.92.37    
    --------------------------  ----------  --------  -----------  -------------
    Count=1                                             1,388,544               
